2022-11-13 22:28:08: cookie send
2022-11-13 22:28:08: cookie send
--------------------Start Log 2022-11-13 22:39:24--------------------
--------------------Start Log 2022-11-13 22:39:50--------------------
2022-11-13 22:39:50: Successfully registered 22 application commands for global
--------------------Start Log 2022-11-13 22:45:52--------------------
--------------------Start Log 2022-11-13 22:46:01--------------------
2022-11-13 22:46:01: Successfully registered 22 application commands for global
2022-11-13 22:46:01: Error when sending staring message:  DiscordAPIError[50001]: Missing Access
2022-11-13 22:46:01: test_bot#9176 logged successfully.
2022-11-13 22:46:01: Command: /cookie  by 『🐶Kochy_Okami🦮』#7398(<@415881207901978624>) in channel #eu(<#988784456959672350>)
2022-11-13 22:46:01: TypeError: Cannot read properties of null (reading '415881207901978624')
2022-11-13 22:46:01: TypeError: Cannot read properties of null (reading '415881207901978624') by 『🐶Kochy_Okami🦮』#7398(<@415881207901978624>) in channel #eu(<#988784456959672350>)
--------------------Start Log 2022-11-13 22:47:50--------------------
2022-11-13 22:47:50: Successfully registered 22 application commands for global
2022-11-13 22:47:50: Error when sending staring message:  DiscordAPIError[50001]: Missing Access
2022-11-13 22:47:50: test_bot#9176 logged successfully.
2022-11-13 22:47:50: Command: /cookie_add '415881207901978624' '8'  by 『🐶Kochy_Okami🦮』#7398(<@415881207901978624>) in channel #eu(<#988784456959672350>)
2022-11-13 22:47:50: TypeError: Cannot read properties of null (reading '415881207901978624')
2022-11-13 22:47:50: TypeError: Cannot read properties of null (reading '415881207901978624') by 『🐶Kochy_Okami🦮』#7398(<@415881207901978624>) in channel #eu(<#988784456959672350>)
2022-11-13 22:47:50: Command: /cookie_add '415881207901978624' '7'  by 『🐶Kochy_Okami🦮』#7398(<@415881207901978624>) in channel #eu(<#988784456959672350>)
2022-11-13 22:47:50: TypeError: Cannot read properties of null (reading '415881207901978624')
2022-11-13 22:47:50: Command: /cookie_add '415881207901978624' '7'  by 『🐶Kochy_Okami🦮』#7398(<@415881207901978624>) in channel #eu(<#988784456959672350>)
2022-11-13 22:47:50: cookie send
2022-11-13 22:47:50: Command: /cookie  by 『🐶Kochy_Okami🦮』#7398(<@415881207901978624>) in channel #eu(<#988784456959672350>)
2022-11-13 22:47:50: Error: getaddrinfo EAI_AGAIN cdn.discordapp.com
2022-11-13 22:47:50: Command: /cookie  by 『🐶Kochy_Okami🦮』#7398(<@415881207901978624>) in channel #eu(<#988784456959672350>)
2022-11-13 22:47:50: Command: /cookie  by 『🐶Kochy_Okami🦮』#7398(<@415881207901978624>) in channel #eu(<#988784456959672350>)
2022-11-13 22:47:50: Command: /topcookie  by 『🐶Kochy_Okami🦮』#7398(<@415881207901978624>) in channel #eu(<#988784456959672350>)
2022-11-13 22:47:50: Command: /cookie_add '987267758683197490' '777'  by 『🐶Kochy_Okami🦮』#7398(<@415881207901978624>) in channel #eu(<#988784456959672350>)
2022-11-13 22:47:50: cookie send
2022-11-13 22:47:50: cookie send
2022-11-13 22:47:50: Command: /cookie  by 『🐶Kochy_Okami🦮』#7398(<@415881207901978624>) in channel #eu(<#988784456959672350>)
--------------------Start Log 2022-11-13 22:55:17--------------------
2022-11-13 22:55:17: Successfully registered 22 application commands for global
2022-11-13 22:55:17: Error when sending staring message:  DiscordAPIError[50001]: Missing Access
2022-11-13 22:55:17: test_bot#9176 logged successfully.
2022-11-13 22:55:17: cookie send
--------------------Start Log 2022-11-13 22:57:17--------------------
--------------------Start Log 2022-11-13 22:57:35--------------------
2022-11-13 22:57:35: Successfully registered 22 application commands for global
2022-11-13 22:57:35: Error when sending staring message:  DiscordAPIError[50001]: Missing Access
2022-11-13 22:57:35: test_bot#9176 logged successfully.
2022-11-13 22:57:35: Command: /topcookie  by 『🐶Kochy_Okami🦮』#7398(<@415881207901978624>) in channel #eu(<#988784456959672350>)
2022-11-13 22:57:35: ReferenceError: settings is not defined
--------------------Start Log 2022-11-13 22:58:14--------------------
2022-11-13 22:58:14: Successfully registered 22 application commands for global
2022-11-13 22:58:14: Error when sending staring message:  DiscordAPIError[50001]: Missing Access
2022-11-13 22:58:14: test_bot#9176 logged successfully.
2022-11-13 22:58:14: Command: /topcookie  by 『🐶Kochy_Okami🦮』#7398(<@415881207901978624>) in channel #eu(<#988784456959672350>)
2022-11-13 22:58:14: Command: /cookie  by 『🐶Kochy_Okami🦮』#7398(<@415881207901978624>) in channel #eu(<#988784456959672350>)
2022-11-13 22:58:14: Error: getaddrinfo EAI_AGAIN cdn.discordapp.com
2022-11-13 22:58:14: cookie send
2022-11-13 22:58:14: Command: /cookie  by 『🐶Kochy_Okami🦮』#7398(<@415881207901978624>) in channel #eu(<#988784456959672350>)
2022-11-13 22:58:14: cookie send
2022-11-13 22:58:14: Command: /topcookie  by 『🐶Kochy_Okami🦮』#7398(<@415881207901978624>) in channel #eu(<#988784456959672350>)
2022-11-13 22:58:14: Command: /cookie  by 『🐶Kochy_Okami🦮』#7398(<@415881207901978624>) in channel #eu(<#988784456959672350>)
2022-11-13 22:58:14: cookie send
2022-11-13 22:58:14: cookie send
2022-11-13 22:58:14: Command: /topcookie  by 『🐶Kochy_Okami🦮』#7398(<@415881207901978624>) in channel #eu(<#988784456959672350>)
2022-11-13 22:58:14: cookie send
--------------------Start Log 2022-11-13 23:02:04--------------------
2022-11-13 23:02:04: Successfully registered 22 application commands for global
2022-11-13 23:02:04: SyntaxError: Unexpected token / in JSON at position 5720
--------------------Start Log 2022-11-13 23:02:48--------------------
2022-11-13 23:02:48: Successfully registered 22 application commands for global
2022-11-13 23:02:48: SyntaxError: Unexpected token / in JSON at position 5722
--------------------Start Log 2022-11-13 23:03:07--------------------
2022-11-13 23:03:07: Successfully registered 22 application commands for global
2022-11-13 23:03:07: Error when sending staring message:  DiscordAPIError[50001]: Missing Access
2022-11-13 23:03:07: test_bot#9176 logged successfully.
2022-11-13 23:03:07: Command: /topcookie  by 『🐶Kochy_Okami🦮』#7398(<@415881207901978624>) in channel #eu(<#988784456959672350>)
2022-11-13 23:03:07: cookie send
2022-11-13 23:03:07: Command: /topcookie  by 『🐶Kochy_Okami🦮』#7398(<@415881207901978624>) in channel #eu(<#988784456959672350>)
--------------------Start Log 2022-11-13 23:04:30--------------------
2022-11-13 23:04:30: Successfully registered 22 application commands for global
2022-11-13 23:04:30: Error when sending staring message:  DiscordAPIError[50001]: Missing Access
2022-11-13 23:04:30: test_bot#9176 logged successfully.
2022-11-13 23:04:30: Command: /topcookie  by 『🐶Kochy_Okami🦮』#7398(<@415881207901978624>) in channel #eu(<#988784456959672350>)
2022-11-13 23:04:30: Command: /topcookie  by 『🐶Kochy_Okami🦮』#7398(<@415881207901978624>) in channel #eu(<#988784456959672350>)
2022-11-13 23:04:30: cookie send
--------------------Start Log 2022-11-13 23:05:56--------------------
2022-11-13 23:05:56: Successfully registered 22 application commands for global
2022-11-13 23:05:56: Error when sending staring message:  DiscordAPIError[50001]: Missing Access
2022-11-13 23:05:56: test_bot#9176 logged successfully.
2022-11-13 23:05:56: Command: /daily  by 『🐶Kochy_Okami🦮』#7398(<@415881207901978624>) in channel #eu(<#988784456959672350>)
2022-11-13 23:05:56: cookie send
2022-11-13 23:05:56: Command: /topcookie  by 『🐶Kochy_Okami🦮』#7398(<@415881207901978624>) in channel #eu(<#988784456959672350>)
2022-11-13 23:05:56: cookie send
2022-11-13 23:05:56: Command: /topcookie  by 『🐶Kochy_Okami🦮』#7398(<@415881207901978624>) in channel #eu(<#988784456959672350>)
2022-11-13 23:05:56: Command: /topcookie  by 『🐶Kochy_Okami🦮』#7398(<@415881207901978624>) in channel #eu(<#988784456959672350>)
2022-11-13 23:05:56: cookie send
2022-11-13 23:05:56: DiscordAPIError[10062]: Unknown interaction
2022-11-13 23:05:56: cookie send
2022-11-13 23:05:56: Command: /cookie_add '987267758683197490' '1'  by 『🐶Kochy_Okami🦮』#7398(<@415881207901978624>) in channel #eu(<#988784456959672350>)
2022-11-13 23:05:56: cookie send
2022-11-13 23:05:56: Command: /cookie  by 『🐶Kochy_Okami🦮』#7398(<@415881207901978624>) in channel #eu(<#988784456959672350>)
2022-11-13 23:05:56: Error: getaddrinfo EAI_AGAIN cdn.discordapp.com
2022-11-13 23:05:56: cookie send
2022-11-13 23:05:56: Command: /cookie '614755681936867328'  by 『🐶Kochy_Okami🦮』#7398(<@415881207901978624>) in channel #eu(<#988784456959672350>)
2022-11-13 23:05:56: cookie send
2022-11-13 23:05:56: cookie send
2022-11-13 23:05:56: cookie send
--------------------Start Log 2022-11-14 19:23:38--------------------
2022-11-14 19:23:38: Successfully registered 22 application commands for global
2022-11-14 19:23:38: Error when sending staring message:  DiscordAPIError[50001]: Missing Access
2022-11-14 19:23:38: test_bot#9176 logged successfully.
2022-11-14 19:23:38: Command: /set 'box chance' '10000'  by 『🐶Kochy_Okami🦮』#7398(<@415881207901978624>) in channel #eu(<#988784456959672350>)
2022-11-14 19:23:38: cookie send
2022-11-14 19:23:38: cookie send
2022-11-14 19:23:38: cookie send
--------------------Start Log 2022-11-14 20:38:21--------------------
2022-11-14 20:38:21: Successfully registered 22 application commands for global
2022-11-14 20:38:21: Error when sending staring message:  DiscordAPIError[50001]: Missing Access
2022-11-14 20:38:21: test_bot#9176 logged successfully.
2022-11-14 20:38:21: cookie send
2022-11-14 20:38:21: Command: /topcookie  by 『🐶Kochy_Okami🦮』#7398(<@415881207901978624>) in channel #eu(<#988784456959672350>)
2022-11-14 20:38:21: cookie send
2022-11-14 20:38:21: cookie send
2022-11-14 20:38:21: cookie send
2022-11-14 20:38:21: cookie send
2022-11-14 20:38:21: cookie send
2022-11-14 20:38:21: cookie send
2022-11-14 20:38:21: cookie send
2022-11-14 20:38:21: cookie send
2022-11-14 20:38:21: cookie send
2022-11-14 20:38:21: cookie send
2022-11-14 20:38:21: cookie send
2022-11-14 20:38:21: cookie send
2022-11-14 20:38:21: cookie send
2022-11-14 20:38:21: cookie send
2022-11-14 20:38:21: cookie send
2022-11-14 20:38:21: cookie send
2022-11-14 20:38:21: cookie send
2022-11-14 20:38:21: cookie send
2022-11-14 20:38:21: cookie send
2022-11-14 20:38:21: cookie send
2022-11-14 20:38:21: cookie send
2022-11-14 20:38:21: cookie send
2022-11-14 20:38:21: cookie send
2022-11-14 20:38:21: cookie send
2022-11-14 20:38:21: cookie send
2022-11-14 20:38:21: cookie send
--------------------Start Log 2022-11-14 22:54:30--------------------
2022-11-14 22:54:30: Successfully registered 22 application commands for global
2022-11-14 22:54:30: Error when sending staring message:  DiscordAPIError[50001]: Missing Access
2022-11-14 22:54:30: test_bot#9176 logged successfully.
2022-11-14 22:54:30: TypeError: message.displayAvatarURL is not a function by 『🐶Kochy_Okami🦮』#7398(<@415881207901978624>) in channel #eu(<#988784456959672350>)
2022-11-14 22:54:30: Command: /cookie  by 『🐶Kochy_Okami🦮』#7398(<@415881207901978624>) in channel #eu(<#988784456959672350>)
2022-11-14 22:54:30: ReferenceError: message is not defined
2022-11-14 22:54:30: user send
2022-11-14 22:54:30: user send
2022-11-14 22:54:30: user send
2022-11-14 22:54:30: user send
2022-11-14 22:54:30: cookie send
2022-11-14 22:54:30: user send
2022-11-14 22:54:30: user send
2022-11-14 22:54:30: user send
2022-11-14 22:54:30: user send
2022-11-14 22:54:30: user send
2022-11-14 22:54:30: cookie send
2022-11-14 22:54:30: user send
2022-11-14 22:54:30: user send
2022-11-14 22:54:30: user send
2022-11-14 22:54:30: user send
2022-11-14 22:54:30: user send
2022-11-14 22:54:30: cookie send
2022-11-14 22:54:30: user send
2022-11-14 22:54:30: user send
--------------------Start Log 2022-11-14 23:15:21--------------------
2022-11-14 23:15:21: Successfully registered 22 application commands for global
2022-11-14 23:15:21: Error when sending staring message:  DiscordAPIError[50001]: Missing Access
2022-11-14 23:15:21: test_bot#9176 logged successfully.
2022-11-14 23:15:21: user send
2022-11-14 23:15:21: user send
--------------------Start Log 2022-11-14 23:17:33--------------------
2022-11-14 23:17:33: Successfully registered 22 application commands for global
2022-11-14 23:17:33: Error when sending staring message:  DiscordAPIError[50001]: Missing Access
2022-11-14 23:17:33: test_bot#9176 logged successfully.
2022-11-14 23:17:33: Command: /set 'box chance' '100'  by 『🐶Kochy_Okami🦮』#7398(<@415881207901978624>) in channel #eu(<#988784456959672350>)
2022-11-14 23:17:33: user send[object Object]
2022-11-14 23:17:33: user send[object Object]
--------------------Start Log 2022-11-14 23:19:50--------------------
2022-11-14 23:19:50: Successfully registered 22 application commands for global
2022-11-14 23:19:50: Error when sending staring message:  DiscordAPIError[50001]: Missing Access
2022-11-14 23:19:50: test_bot#9176 logged successfully.
2022-11-14 23:19:50: user send[object Object]
2022-11-14 23:19:50: user send[object Object]
2022-11-14 23:19:50: user send[object Object]
--------------------Start Log 2022-11-14 23:23:18--------------------
2022-11-14 23:23:18: Successfully registered 22 application commands for global
2022-11-14 23:23:18: Error when sending staring message:  DiscordAPIError[50001]: Missing Access
2022-11-14 23:23:18: test_bot#9176 logged successfully.
2022-11-14 23:23:18: user send{"statusCode":500,"headers":{"date":"Mon, 14 Nov 2022 22:23:49 GMT","server":"Apache/2.4.52 (Ubuntu)","content-length":"0","connection":"close","content-type":"text/html; charset=UTF-8"},"request":{"uri":{"protocol":"http:","slashes":true,"auth":null,"host":"localhost","port":80,"hostname":"localhost","hash":null,"search":null,"query":null,"pathname":"/user_post.php","path":"/user_post.php","href":"http://localhost/user_post.php"},"method":"post","headers":{"content-type":"application/x-www-form-urlencoded","accept":"application/json","content-length":274}}}
2022-11-14 23:23:18: user send{"statusCode":500,"headers":{"date":"Mon, 14 Nov 2022 22:24:09 GMT","server":"Apache/2.4.52 (Ubuntu)","content-length":"0","connection":"close","content-type":"text/html; charset=UTF-8"},"request":{"uri":{"protocol":"http:","slashes":true,"auth":null,"host":"localhost","port":80,"hostname":"localhost","hash":null,"search":null,"query":null,"pathname":"/user_post.php","path":"/user_post.php","href":"http://localhost/user_post.php"},"method":"post","headers":{"content-type":"application/x-www-form-urlencoded","accept":"application/json","content-length":274}}}
--------------------Start Log 2022-11-14 23:24:26--------------------
--------------------Start Log 2022-11-14 23:24:58--------------------
2022-11-14 23:24:58: Successfully registered 22 application commands for global
2022-11-14 23:24:58: ConnectTimeoutError: Connect Timeout Error
2022-11-14 23:24:58: Error when sending staring message:  DiscordAPIError[50001]: Missing Access
2022-11-14 23:24:58: test_bot#9176 logged successfully.
2022-11-14 23:24:58: user sendundefined
2022-11-14 23:24:58: user sendundefined
2022-11-14 23:24:58: user sendundefined
2022-11-14 23:24:58: user sendundefined
2022-11-14 23:24:58: user sendundefined
--------------------Start Log 2022-11-14 23:27:32--------------------
2022-11-14 23:27:32: Successfully registered 22 application commands for global
2022-11-14 23:27:32: Error when sending staring message:  DiscordAPIError[50001]: Missing Access
2022-11-14 23:27:32: test_bot#9176 logged successfully.
2022-11-14 23:27:32: user sendundefined
2022-11-14 23:27:32: user sendundefined
--------------------Start Log 2022-11-14 23:28:26--------------------
2022-11-14 23:28:26: Successfully registered 22 application commands for global
2022-11-14 23:28:26: Error when sending staring message:  DiscordAPIError[50001]: Missing Access
2022-11-14 23:28:26: test_bot#9176 logged successfully.
2022-11-14 23:28:26: user sendundefined
2022-11-14 23:28:26: user sendundefined
2022-11-14 23:28:26: user sendundefined
--------------------Start Log 2022-11-14 23:30:42--------------------
2022-11-14 23:30:42: Successfully registered 22 application commands for global
2022-11-14 23:30:42: Error when sending staring message:  DiscordAPIError[50001]: Missing Access
2022-11-14 23:30:42: test_bot#9176 logged successfully.
--------------------Start Log 2022-11-14 23:31:19--------------------
2022-11-14 23:31:19: Successfully registered 22 application commands for global
2022-11-14 23:31:19: Error when sending staring message:  DiscordAPIError[50001]: Missing Access
2022-11-14 23:31:19: test_bot#9176 logged successfully.
--------------------Start Log 2022-11-14 23:31:35--------------------
2022-11-14 23:31:35: Successfully registered 22 application commands for global
2022-11-14 23:31:35: Error when sending staring message:  DiscordAPIError[50001]: Missing Access
2022-11-14 23:31:35: test_bot#9176 logged successfully.
--------------------Start Log 2022-11-14 23:33:46--------------------
2022-11-14 23:33:46: Successfully registered 22 application commands for global
2022-11-14 23:33:46: Error when sending staring message:  DiscordAPIError[50001]: Missing Access
2022-11-14 23:33:46: test_bot#9176 logged successfully.
--------------------Start Log 2022-11-14 23:36:31--------------------
2022-11-14 23:36:31: Successfully registered 22 application commands for global
2022-11-14 23:36:31: Error when sending staring message:  DiscordAPIError[50001]: Missing Access
2022-11-14 23:36:31: test_bot#9176 logged successfully.
--------------------Start Log 2022-11-14 23:36:48--------------------
2022-11-14 23:36:48: Successfully registered 22 application commands for global
2022-11-14 23:36:48: Error when sending staring message:  DiscordAPIError[50001]: Missing Access
2022-11-14 23:36:48: test_bot#9176 logged successfully.
--------------------Start Log 2022-11-14 23:37:18--------------------
2022-11-14 23:37:18: Successfully registered 22 application commands for global
2022-11-14 23:37:18: Error when sending staring message:  DiscordAPIError[50001]: Missing Access
2022-11-14 23:37:18: test_bot#9176 logged successfully.
--------------------Start Log 2022-11-14 23:38:41--------------------
2022-11-14 23:38:41: Successfully registered 22 application commands for global
2022-11-14 23:38:41: Error when sending staring message:  DiscordAPIError[50001]: Missing Access
2022-11-14 23:38:41: test_bot#9176 logged successfully.
--------------------Start Log 2022-11-14 23:39:46--------------------
2022-11-14 23:39:46: Successfully registered 22 application commands for global
2022-11-14 23:39:46: Error when sending staring message:  DiscordAPIError[50001]: Missing Access
2022-11-14 23:39:46: test_bot#9176 logged successfully.
--------------------Start Log 2022-11-14 23:40:13--------------------
2022-11-14 23:40:13: Successfully registered 22 application commands for global
2022-11-14 23:40:13: Error when sending staring message:  DiscordAPIError[50001]: Missing Access
2022-11-14 23:40:13: test_bot#9176 logged successfully.
--------------------Start Log 2022-11-14 23:40:30--------------------
2022-11-14 23:40:30: Successfully registered 22 application commands for global
2022-11-14 23:40:30: Error when sending staring message:  DiscordAPIError[50001]: Missing Access
2022-11-14 23:40:30: test_bot#9176 logged successfully.
--------------------Start Log 2022-11-14 23:42:26--------------------
2022-11-14 23:42:26: Successfully registered 22 application commands for global
2022-11-14 23:42:26: Error when sending staring message:  DiscordAPIError[50001]: Missing Access
2022-11-14 23:42:26: test_bot#9176 logged successfully.
--------------------Start Log 2022-11-14 23:43:08--------------------
2022-11-14 23:43:08: Successfully registered 22 application commands for global
2022-11-14 23:43:08: Error when sending staring message:  DiscordAPIError[50001]: Missing Access
2022-11-14 23:43:08: test_bot#9176 logged successfully.
--------------------Start Log 2022-11-14 23:43:54--------------------
2022-11-14 23:43:54: Successfully registered 22 application commands for global
2022-11-14 23:43:54: Error when sending staring message:  DiscordAPIError[50001]: Missing Access
2022-11-14 23:43:54: test_bot#9176 logged successfully.
--------------------Start Log 2022-11-14 23:45:44--------------------
2022-11-14 23:45:44: Successfully registered 22 application commands for global
2022-11-14 23:45:44: Error when sending staring message:  DiscordAPIError[50001]: Missing Access
2022-11-14 23:45:44: test_bot#9176 logged successfully.
--------------------Start Log 2022-11-14 23:47:02--------------------
2022-11-14 23:47:02: Successfully registered 22 application commands for global
2022-11-14 23:47:02: Error when sending staring message:  DiscordAPIError[50001]: Missing Access
2022-11-14 23:47:02: test_bot#9176 logged successfully.
--------------------Start Log 2022-11-14 23:53:42--------------------
2022-11-14 23:53:42: Successfully registered 22 application commands for global
2022-11-14 23:53:42: Error when sending staring message:  DiscordAPIError[50001]: Missing Access
2022-11-14 23:53:42: test_bot#9176 logged successfully.
--------------------Start Log 2022-11-14 23:58:23--------------------
2022-11-14 23:58:23: Successfully registered 22 application commands for global
2022-11-14 23:58:23: Error when sending staring message:  DiscordAPIError[50001]: Missing Access
2022-11-14 23:58:23: test_bot#9176 logged successfully.
2022-11-14 23:58:23: Command: /cookie  by 『🐶Kochy_Okami🦮』#7398(<@415881207901978624>) in channel #eu(<#988784456959672350>)
2022-11-14 23:58:23: ReferenceError: message is not defined
--------------------Start Log 2022-11-14 23:59:44--------------------
2022-11-14 23:59:44: Successfully registered 22 application commands for global
2022-11-14 23:59:44: Error when sending staring message:  DiscordAPIError[50001]: Missing Access
2022-11-14 23:59:44: test_bot#9176 logged successfully.
2022-11-14 23:59:44: Command: /cookie  by 『🐶Kochy_Okami🦮』#7398(<@415881207901978624>) in channel #eu(<#988784456959672350>)
2022-11-14 23:59:44: cookie send
2022-11-14 23:59:44: Command: /cookie  by 『🐶Kochy_Okami🦮』#7398(<@415881207901978624>) in channel #eu(<#988784456959672350>)
2022-11-14 23:59:44: cookie send
2022-11-14 23:59:44: Command: /cookie  by 『🐶Kochy_Okami🦮』#7398(<@415881207901978624>) in channel #eu(<#988784456959672350>)
2022-11-14 23:59:44: TypeError: Cannot read properties of undefined (reading 'toString')
2022-11-14 23:59:44: Command: /cookie  by 『🐶Kochy_Okami🦮』#7398(<@415881207901978624>) in channel #eu(<#988784456959672350>)
2022-11-14 23:59:44: cookie send
2022-11-14 23:59:44: cookie send
--------------------Start Log 2022-11-15 07:44:57--------------------
2022-11-15 07:44:57: Successfully registered 22 application commands for global
2022-11-15 07:44:57: Error when sending staring message:  DiscordAPIError[50001]: Missing Access
2022-11-15 07:44:57: test_bot#9176 logged successfully.
2022-11-15 07:44:57: Command: /cookie_add '967727996834287647' '8'  by 『🐶Kochy_Okami🦮』#7398(<@415881207901978624>) in channel #eu(<#988784456959672350>)
2022-11-15 07:44:57: cookie send
--------------------Start Log 2022-11-15 07:45:49--------------------
2022-11-15 07:45:49: Successfully registered 22 application commands for global
2022-11-15 07:45:49: Error when sending staring message:  DiscordAPIError[50001]: Missing Access
2022-11-15 07:45:49: test_bot#9176 logged successfully.
2022-11-15 07:45:49: Command: /cookie_add '967727996834287647' '8'  by 『🐶Kochy_Okami🦮』#7398(<@415881207901978624>) in channel #eu(<#988784456959672350>)
2022-11-15 07:45:49: cookie send
--------------------Start Log 2022-11-15 12:55:52--------------------
2022-11-15 12:55:52: Successfully registered 22 application commands for global
--------------------Start Log 2022-11-15 12:57:22--------------------
2022-11-15 12:57:22: Successfully registered 22 application commands for global
--------------------Start Log 2022-11-15 12:58:35--------------------
2022-11-15 12:58:35: Successfully registered 22 application commands for global
2022-11-15 12:58:35: Error when sending staring message:  DiscordAPIError[50001]: Missing Access
2022-11-15 12:58:35: test_bot#9176 logged successfully.
--------------------Start Log 2022-11-15 12:59:07--------------------
2022-11-15 12:59:07: Successfully registered 22 application commands for global
2022-11-15 12:59:07: Error when sending staring message:  DiscordAPIError[50001]: Missing Access
2022-11-15 12:59:07: test_bot#9176 logged successfully.
2022-11-15 12:59:07: cookie send
2022-11-15 12:59:07: cookie send
2022-11-15 12:59:07: cookie send
2022-11-15 12:59:07: cookie send
2022-11-15 12:59:07: cookie send
2022-11-15 12:59:07: cookie send
2022-11-15 12:59:07: cookie send
--------------------Start Log 2022-11-15 13:00:35--------------------
2022-11-15 13:00:35: Successfully registered 22 application commands for global
2022-11-15 13:00:35: Error when sending staring message:  DiscordAPIError[50001]: Missing Access
2022-11-15 13:00:35: test_bot#9176 logged successfully.
--------------------Start Log 2022-11-15 13:09:29--------------------
2022-11-15 13:09:29: Successfully registered 22 application commands for global
2022-11-15 13:09:29: Error when sending staring message:  DiscordAPIError[50001]: Missing Access
2022-11-15 13:09:29: test_bot#9176 logged successfully.
--------------------Start Log 2022-11-15 13:20:48--------------------
2022-11-15 13:20:48: Successfully registered 22 application commands for global
2022-11-15 13:20:48: Error when sending staring message:  DiscordAPIError[50001]: Missing Access
2022-11-15 13:20:48: test_bot#9176 logged successfully.
2022-11-15 13:20:48: cookie send
2022-11-15 13:20:48: cookie send
2022-11-15 13:20:48: cookie send
2022-11-15 13:20:48: cookie send
2022-11-15 13:20:48: cookie send
2022-11-15 13:20:48: cookie send
2022-11-15 13:20:48: cookie send
2022-11-15 13:20:48: cookie send
2022-11-15 13:20:48: cookie send
2022-11-15 13:20:48: cookie send
2022-11-15 13:20:48: cookie send
2022-11-15 13:20:48: cookie send
2022-11-15 13:20:48: cookie send
2022-11-15 13:20:48: cookie send
2022-11-15 13:20:48: cookie send
2022-11-15 13:20:48: cookie send
2022-11-15 13:20:48: cookie send
2022-11-15 13:20:48: cookie send
2022-11-15 13:20:48: cookie send
2022-11-15 13:20:48: cookie send
2022-11-15 13:20:48: cookie send
2022-11-15 13:20:48: cookie send
2022-11-15 13:20:48: cookie send
2022-11-15 13:20:48: cookie send
2022-11-15 13:20:48: cookie send
2022-11-15 13:20:48: cookie send
2022-11-15 13:20:48: cookie send
2022-11-15 13:20:48: cookie send
2022-11-15 13:20:48: cookie send
2022-11-15 13:20:48: cookie send
2022-11-15 13:20:48: cookie send
2022-11-15 13:20:48: cookie send
2022-11-15 13:20:48: cookie send
2022-11-15 13:20:48: cookie send
2022-11-15 13:20:48: cookie send
2022-11-15 13:20:48: cookie send
2022-11-15 13:20:48: cookie send
2022-11-15 13:20:48: cookie send
2022-11-15 13:20:48: cookie send
2022-11-15 13:20:48: cookie send
2022-11-15 13:20:48: cookie send
2022-11-15 13:20:48: cookie send
2022-11-15 13:20:48: cookie send
2022-11-15 13:20:48: cookie send
2022-11-15 13:20:48: cookie send
2022-11-15 13:20:48: cookie send
2022-11-15 13:20:48: cookie send
2022-11-15 13:20:48: cookie send
2022-11-15 13:20:48: cookie send
2022-11-15 13:20:48: cookie send
2022-11-15 13:20:48: cookie send
2022-11-15 13:20:48: cookie send
2022-11-15 13:20:48: cookie send
2022-11-15 13:20:48: cookie send
2022-11-15 13:20:48: cookie send
2022-11-15 13:20:48: cookie send
2022-11-15 13:20:48: cookie send
2022-11-15 13:20:48: cookie send
--------------------Start Log 2022-11-15 13:33:53--------------------
2022-11-15 13:33:53: Successfully registered 22 application commands for global
2022-11-15 13:33:53: Error when sending staring message:  DiscordAPIError[50001]: Missing Access
2022-11-15 13:33:53: test_bot#9176 logged successfully.
2022-11-15 13:33:53: cookie send
2022-11-15 13:33:53: cookie send
2022-11-15 13:33:53: cookie send
2022-11-15 13:33:53: cookie send
2022-11-15 13:33:53: cookie send
2022-11-15 13:33:53: cookie send
2022-11-15 13:33:53: cookie send
2022-11-15 13:33:53: cookie send
2022-11-15 13:33:53: cookie send
2022-11-15 13:33:53: cookie send
2022-11-15 13:33:53: cookie send
2022-11-15 13:33:53: cookie send
2022-11-15 13:33:53: cookie send
2022-11-15 13:33:53: cookie send
2022-11-15 13:33:53: cookie send
2022-11-15 13:33:53: Command: /cookie '987267758683197490'  by 『🐶Kochy_Okami🦮』#7398(<@415881207901978624>) in channel #eu(<#988784456959672350>)
2022-11-15 13:33:53: TypeError: Cannot read properties of undefined (reading 'toString')
2022-11-15 13:33:53: cookie send
2022-11-15 13:33:53: cookie send
2022-11-15 13:33:53: cookie send
2022-11-15 13:33:53: cookie send
2022-11-15 13:33:53: cookie send
2022-11-15 13:33:53: cookie send
2022-11-15 13:33:53: cookie send
2022-11-15 13:33:53: cookie send
2022-11-15 13:33:53: cookie send
2022-11-15 13:33:53: cookie send
2022-11-15 13:33:53: cookie send
2022-11-15 13:33:53: cookie send
2022-11-15 13:33:53: cookie send
2022-11-15 13:33:53: cookie send
2022-11-15 13:33:53: Command: /cookie  by 『🐶Kochy_Okami🦮』#7398(<@415881207901978624>) in channel #eu(<#988784456959672350>)
2022-11-15 13:33:53: cookie send
2022-11-15 13:33:53: cookie send
2022-11-15 13:33:53: Command: /cookie '987267758683197490'  by 『🐶Kochy_Okami🦮』#7398(<@415881207901978624>) in channel #eu(<#988784456959672350>)
2022-11-15 13:33:53: cookie send
2022-11-15 13:33:53: TypeError: Cannot read properties of undefined (reading 'toString')
2022-11-15 13:33:53: cookie send
2022-11-15 13:33:53: cookie send
--------------------Start Log 2022-11-15 13:39:58--------------------
2022-11-15 13:39:58: Successfully registered 22 application commands for global
2022-11-15 13:39:58: Error when sending staring message:  DiscordAPIError[50001]: Missing Access
2022-11-15 13:39:58: test_bot#9176 logged successfully.
2022-11-15 13:39:58: Command: /cookie '987267758683197490'  by 『🐶Kochy_Okami🦮』#7398(<@415881207901978624>) in channel #eu(<#988784456959672350>)
2022-11-15 13:39:58: DiscordAPIError[10062]: Unknown interaction
2022-11-15 13:39:58: Command: /cookie '987267758683197490'  by 『🐶Kochy_Okami🦮』#7398(<@415881207901978624>) in channel #eu(<#988784456959672350>)
2022-11-15 13:39:58: TypeError: Cannot read properties of undefined (reading 'toString')
--------------------Start Log 2022-11-15 13:43:03--------------------
2022-11-15 13:43:03: Successfully registered 22 application commands for global
2022-11-15 13:43:03: Command: /cookie  by 『🐶Kochy_Okami🦮』#7398(<@415881207901978624>) in channel #eu(<#988784456959672350>)
2022-11-15 13:43:03: DiscordAPIError[10062]: Unknown interaction
2022-11-15 13:43:03: Error when sending staring message:  DiscordAPIError[50001]: Missing Access
2022-11-15 13:43:03: test_bot#9176 logged successfully.
2022-11-15 13:43:03: Command: /cookie  by 『🐶Kochy_Okami🦮』#7398(<@415881207901978624>) in channel #eu(<#988784456959672350>)
2022-11-15 13:43:03: cookie send
2022-11-15 13:43:03: Command: /cookie '987267758683197490'  by 『🐶Kochy_Okami🦮』#7398(<@415881207901978624>) in channel #eu(<#988784456959672350>)
2022-11-15 13:43:03: TypeError: Cannot read properties of undefined (reading 'toString')
--------------------Start Log 2022-11-15 13:45:14--------------------
2022-11-15 13:45:14: Successfully registered 22 application commands for global
2022-11-15 13:45:14: Error when sending staring message:  DiscordAPIError[50001]: Missing Access
2022-11-15 13:45:14: test_bot#9176 logged successfully.
2022-11-15 13:45:14: Command: /cookie '987267758683197490'  by 『🐶Kochy_Okami🦮』#7398(<@415881207901978624>) in channel #eu(<#988784456959672350>)
2022-11-15 13:45:14: cookie send
--------------------Start Log 2022-11-15 13:48:58--------------------
2022-11-15 13:48:58: Successfully registered 22 application commands for global
2022-11-15 13:48:58: Error when sending staring message:  DiscordAPIError[50001]: Missing Access
2022-11-15 13:48:58: test_bot#9176 logged successfully.
2022-11-15 13:48:58: Command: /cookie '614755681936867328'  by 『🐶Kochy_Okami🦮』#7398(<@415881207901978624>) in channel #eu(<#988784456959672350>)
2022-11-15 13:48:58: cookie send
2022-11-15 13:48:58: user send
--------------------Start Log 2022-11-15 13:50:44--------------------
2022-11-15 13:50:44: Successfully registered 22 application commands for global
2022-11-15 13:50:44: Error when sending staring message:  DiscordAPIError[50001]: Missing Access
2022-11-15 13:50:44: test_bot#9176 logged successfully.
2022-11-15 13:50:44: Command: /cookie '967727996834287647'  by 『🐶Kochy_Okami🦮』#7398(<@415881207901978624>) in channel #eu(<#988784456959672350>)
2022-11-15 13:50:44: cookie send
2022-11-15 13:50:44: user send
2022-11-15 13:50:44: Command: /cookie '614755681936867328'  by 『🐶Kochy_Okami🦮』#7398(<@415881207901978624>) in channel #eu(<#988784456959672350>)
2022-11-15 13:50:44: cookie send
2022-11-15 13:50:44: user send
--------------------Start Log 2022-11-15 13:52:27--------------------
2022-11-15 13:52:27: Successfully registered 22 application commands for global
2022-11-15 13:52:27: Error when sending staring message:  DiscordAPIError[50001]: Missing Access
2022-11-15 13:52:27: test_bot#9176 logged successfully.
2022-11-15 13:52:27: Command: /cookie '967727996834287647'  by 『🐶Kochy_Okami🦮』#7398(<@415881207901978624>) in channel #eu(<#988784456959672350>)
2022-11-15 13:52:27: cookie send
2022-11-15 13:52:27: user send
2022-11-15 13:52:27: Command: /cookie '987267758683197490'  by 『🐶Kochy_Okami🦮』#7398(<@415881207901978624>) in channel #eu(<#988784456959672350>)
2022-11-15 13:52:27: cookie send
2022-11-15 13:52:27: user send
2022-11-15 13:52:27: Command: /cookie '614755681936867328'  by 『🐶Kochy_Okami🦮』#7398(<@415881207901978624>) in channel #eu(<#988784456959672350>)
2022-11-15 13:52:27: DiscordAPIError[10062]: Unknown interaction
2022-11-15 13:52:27: Command: /cookie '614755681936867328'  by 『🐶Kochy_Okami🦮』#7398(<@415881207901978624>) in channel #eu(<#988784456959672350>)
2022-11-15 13:52:27: DiscordAPIError[10062]: Unknown interaction
2022-11-15 13:52:27: Command: /cookie '614755681936867328'  by 『🐶Kochy_Okami🦮』#7398(<@415881207901978624>) in channel #eu(<#988784456959672350>)
2022-11-15 13:52:27: cookie send
2022-11-15 13:52:27: user send
2022-11-15 13:52:27: user send
2022-11-15 13:52:27: cookie send
2022-11-15 13:52:27: Command: /daily  by 『🐶Kochy_Okami🦮』#7398(<@415881207901978624>) in channel #eu(<#988784456959672350>)
2022-11-15 13:52:27: cookie send
2022-11-15 13:52:27: Command: /topcookie  by 『🐶Kochy_Okami🦮』#7398(<@415881207901978624>) in channel #eu(<#988784456959672350>)
2022-11-15 13:52:27: cookie send
2022-11-15 13:52:27: Command: /set 'box chance' '10000'  by 『🐶Kochy_Okami🦮』#7398(<@415881207901978624>) in channel #eu(<#988784456959672350>)
2022-11-15 13:52:27: cookie send
2022-11-15 13:52:27: cookie send
--------------------Start Log 2022-11-15 14:50:45--------------------
2022-11-15 14:50:45: Successfully registered 22 application commands for global
2022-11-15 14:50:45: Error when sending staring message:  DiscordAPIError[50001]: Missing Access
2022-11-15 14:50:45: test_bot#9176 logged successfully.
2022-11-15 14:50:45: Command: /cookie  by 『🐶Kochy_Okami🦮』#7398(<@415881207901978624>) in channel #eu(<#988784456959672350>)
2022-11-15 14:50:45: cookie send
2022-11-15 14:50:45: user send
--------------------Start Log 2022-11-15 14:55:20--------------------
2022-11-15 14:55:20: Successfully registered 22 application commands for global
2022-11-15 14:55:20: Error when sending staring message:  DiscordAPIError[50001]: Missing Access
2022-11-15 14:55:20: test_bot#9176 logged successfully.
2022-11-15 14:55:20: Command: /cookie  by 『🐶Kochy_Okami🦮』#7398(<@415881207901978624>) in channel #eu(<#988784456959672350>)
2022-11-15 14:55:20: TypeError: Cannot read properties of undefined (reading 'toString')
--------------------Start Log 2022-11-15 14:56:39--------------------
2022-11-15 14:56:39: Successfully registered 22 application commands for global
2022-11-15 14:56:39: Error when sending staring message:  DiscordAPIError[50001]: Missing Access
2022-11-15 14:56:39: test_bot#9176 logged successfully.
2022-11-15 14:56:39: cookie send
2022-11-15 14:56:39: cookie send
2022-11-15 14:56:39: cookie send
2022-11-15 14:56:39: cookie send
2022-11-15 14:56:39: cookie send
2022-11-15 14:56:39: Command: /cookie  by 『🐶Kochy_Okami🦮』#7398(<@415881207901978624>) in channel #eu(<#988784456959672350>)
2022-11-15 14:56:39: cookie send
2022-11-15 14:56:39: user send
2022-11-15 14:56:39: cookie send
2022-11-15 14:56:39: cookie send
2022-11-15 14:56:39: cookie send
2022-11-15 14:56:39: cookie send
2022-11-15 14:56:39: cookie send
2022-11-15 14:56:39: cookie send
2022-11-15 14:56:39: cookie send
2022-11-15 14:56:39: cookie send
2022-11-15 14:56:39: cookie send
2022-11-15 14:56:39: cookie send
2022-11-15 14:56:39: cookie send
2022-11-15 14:56:39: cookie send
2022-11-15 14:56:39: cookie send
2022-11-15 14:56:39: cookie send
2022-11-15 14:56:39: cookie send
2022-11-15 14:56:39: cookie send
2022-11-15 14:56:39: cookie send
2022-11-15 14:56:39: cookie send
2022-11-15 14:56:39: cookie send
2022-11-15 14:56:39: cookie send
2022-11-15 14:56:39: cookie send
2022-11-15 14:56:39: cookie send
2022-11-15 14:56:39: cookie send
2022-11-15 14:56:39: cookie send
2022-11-15 14:56:39: cookie send
2022-11-15 14:56:39: user send
2022-11-15 14:56:39: cookie send
2022-11-15 14:56:39: cookie send
2022-11-15 14:56:39: cookie send
2022-11-15 14:56:39: cookie send
2022-11-15 14:56:39: cookie send
2022-11-15 14:56:39: cookie send
2022-11-15 14:56:39: cookie send
2022-11-15 14:56:39: cookie send
2022-11-15 14:56:39: cookie send
2022-11-15 14:56:39: cookie send
2022-11-15 14:56:39: cookie send
2022-11-15 14:56:39: cookie send
2022-11-15 14:56:39: cookie send
2022-11-15 14:56:39: cookie send
2022-11-15 14:56:39: cookie send
2022-11-15 14:56:39: cookie send
2022-11-15 14:56:39: cookie send
2022-11-15 14:56:39: cookie send
2022-11-15 14:56:39: cookie send
2022-11-15 14:56:39: cookie send
2022-11-15 14:56:39: cookie send
2022-11-15 14:56:39: cookie send
2022-11-15 14:56:39: cookie send
2022-11-15 14:56:39: cookie send
2022-11-15 14:56:39: cookie send
2022-11-15 14:56:39: cookie send
2022-11-15 14:56:39: cookie send
2022-11-15 14:56:39: cookie send
2022-11-15 14:56:39: cookie send
2022-11-15 14:56:39: user send
2022-11-15 14:56:39: cookie send
2022-11-15 14:56:39: cookie send
2022-11-15 14:56:39: cookie send
2022-11-15 14:56:39: cookie send
2022-11-15 14:56:39: cookie send
2022-11-15 14:56:39: cookie send
2022-11-15 14:56:39: cookie send
2022-11-15 14:56:39: cookie send
2022-11-15 14:56:39: cookie send
2022-11-15 14:56:39: cookie send
2022-11-15 14:56:39: cookie send
2022-11-15 14:56:39: cookie send
2022-11-15 14:56:39: cookie send
2022-11-15 14:56:39: cookie send
2022-11-15 14:56:39: cookie send
2022-11-15 14:56:39: cookie send
2022-11-15 14:56:39: cookie send
2022-11-15 14:56:39: cookie send
2022-11-15 14:56:39: cookie send
2022-11-15 14:56:39: cookie send
2022-11-15 14:56:39: cookie send
2022-11-15 14:56:39: cookie send
--------------------Start Log 2022-11-15 22:20:58--------------------
2022-11-15 22:20:58: Successfully registered 22 application commands for global
2022-11-15 22:20:58: Error when sending staring message:  DiscordAPIError[50001]: Missing Access
2022-11-15 22:20:58: test_bot#9176 logged successfully.
2022-11-15 22:20:58: cookie send
2022-11-15 22:20:58: Command: /topcookie  by 『🐶Kochy_Okami🦮』#7398(<@415881207901978624>) in channel #eu(<#988784456959672350>)
2022-11-15 22:20:58: Error: Expected the value to be an object, but received string instead
2022-11-15 22:20:58: cookie send
2022-11-15 22:20:58: cookie send
2022-11-15 22:20:58: cookie send
2022-11-15 22:20:58: cookie send
--------------------Start Log 2022-11-15 22:23:09--------------------
2022-11-15 22:23:09: Successfully registered 22 application commands for global
2022-11-15 22:23:09: Error when sending staring message:  DiscordAPIError[50001]: Missing Access
2022-11-15 22:23:09: test_bot#9176 logged successfully.
2022-11-15 22:23:09: Command: /topcookie  by 『🐶Kochy_Okami🦮』#7398(<@415881207901978624>) in channel #eu(<#988784456959672350>)
2022-11-15 22:23:09: Error: Expected the value to be an object, but received string instead
--------------------Start Log 2022-11-15 22:24:19--------------------
2022-11-15 22:24:19: Successfully registered 22 application commands for global
2022-11-15 22:24:19: Error when sending staring message:  DiscordAPIError[50001]: Missing Access
2022-11-15 22:24:19: test_bot#9176 logged successfully.
2022-11-15 22:24:19: Command: /topcookie  by 『🐶Kochy_Okami🦮』#7398(<@415881207901978624>) in channel #eu(<#988784456959672350>)
2022-11-15 22:24:19: Error: Expected the value to be an object, but received string instead
--------------------Start Log 2022-11-15 22:25:16--------------------
2022-11-15 22:25:16: Successfully registered 22 application commands for global
2022-11-15 22:25:16: Error when sending staring message:  DiscordAPIError[50001]: Missing Access
2022-11-15 22:25:16: test_bot#9176 logged successfully.
2022-11-15 22:25:16: Command: /topcookie  by 『🐶Kochy_Okami🦮』#7398(<@415881207901978624>) in channel #eu(<#988784456959672350>)
2022-11-15 22:25:16: Error: Expected the value to be an object, but received string instead
--------------------Start Log 2022-11-15 22:25:45--------------------
2022-11-15 22:25:45: Successfully registered 22 application commands for global
2022-11-15 22:25:45: Error when sending staring message:  DiscordAPIError[50001]: Missing Access
2022-11-15 22:25:45: test_bot#9176 logged successfully.
--------------------Start Log 2022-11-15 22:29:44--------------------
2022-11-15 22:29:44: Successfully registered 22 application commands for global
2022-11-15 22:29:44: Error when sending staring message:  DiscordAPIError[50001]: Missing Access
2022-11-15 22:29:44: test_bot#9176 logged successfully.
2022-11-15 22:29:44: Command: /topcookie  by 『🐶Kochy_Okami🦮』#7398(<@415881207901978624>) in channel #eu(<#988784456959672350>)
2022-11-15 22:29:44: ReferenceError: paresint is not defined
--------------------Start Log 2022-11-15 22:30:42--------------------
2022-11-15 22:30:42: Successfully registered 22 application commands for global
2022-11-15 22:30:42: Error when sending staring message:  DiscordAPIError[50001]: Missing Access
2022-11-15 22:30:42: test_bot#9176 logged successfully.
2022-11-15 22:30:42: Command: /topcookie  by 『🐶Kochy_Okami🦮』#7398(<@415881207901978624>) in channel #eu(<#988784456959672350>)
2022-11-15 22:30:42: cookie send
--------------------Start Log 2022-11-15 22:33:06--------------------
2022-11-15 22:33:06: Successfully registered 22 application commands for global
2022-11-15 22:33:06: test_bot#9176 logged successfully.
2022-11-15 22:33:06: Error when sending staring message:  DiscordAPIError[50001]: Missing Access
2022-11-15 22:33:06: Command: /topcookie  by 『🐶Kochy_Okami🦮』#7398(<@415881207901978624>) in channel #eu(<#988784456959672350>)
2022-11-15 22:33:06: cookie send
--------------------Start Log 2022-11-15 22:33:48--------------------
2022-11-15 22:33:48: Successfully registered 22 application commands for global
2022-11-15 22:33:48: Error when sending staring message:  DiscordAPIError[50001]: Missing Access
2022-11-15 22:33:48: test_bot#9176 logged successfully.
2022-11-15 22:33:48: Command: /topcookie  by 『🐶Kochy_Okami🦮』#7398(<@415881207901978624>) in channel #eu(<#988784456959672350>)
2022-11-15 22:33:48: cookie send
2022-11-15 22:33:48: user send
2022-11-15 22:33:48: cookie send
--------------------Start Log 2022-11-15 22:39:30--------------------
2022-11-15 22:39:30: Successfully registered 22 application commands for global
2022-11-15 22:39:30: Error when sending staring message:  DiscordAPIError[50001]: Missing Access
2022-11-15 22:39:30: test_bot#9176 logged successfully.
2022-11-15 22:39:30: Command: /topcookie  by 『🐶Kochy_Okami🦮』#7398(<@415881207901978624>) in channel #eu(<#988784456959672350>)
2022-11-15 22:39:30: ReferenceError: ButtonBuilder is not defined
--------------------Start Log 2022-11-15 22:39:58--------------------
2022-11-15 22:39:58: Successfully registered 22 application commands for global
2022-11-15 22:39:58: Error when sending staring message:  DiscordAPIError[50001]: Missing Access
2022-11-15 22:39:58: test_bot#9176 logged successfully.
2022-11-15 22:39:58: Command: /topcookie  by 『🐶Kochy_Okami🦮』#7398(<@415881207901978624>) in channel #eu(<#988784456959672350>)
2022-11-15 22:39:58: ReferenceError: ButtonStyle is not defined
--------------------Start Log 2022-11-15 22:40:25--------------------
2022-11-15 22:40:25: Successfully registered 22 application commands for global
2022-11-15 22:40:25: Error when sending staring message:  DiscordAPIError[50001]: Missing Access
2022-11-15 22:40:25: test_bot#9176 logged successfully.
2022-11-15 22:40:25: Command: /topcookie  by 『🐶Kochy_Okami🦮』#7398(<@415881207901978624>) in channel #eu(<#988784456959672350>)
2022-11-15 22:40:25: cookie send
--------------------Start Log 2022-11-15 22:40:55--------------------
2022-11-15 22:40:55: Successfully registered 22 application commands for global
2022-11-15 22:40:55: test_bot#9176 logged successfully.
2022-11-15 22:40:55: Error when sending staring message:  DiscordAPIError[50001]: Missing Access
2022-11-15 22:40:55: Command: /topcookie  by 『🐶Kochy_Okami🦮』#7398(<@415881207901978624>) in channel #eu(<#988784456959672350>)
2022-11-15 22:40:55: cookie send
--------------------Start Log 2022-11-15 22:41:31--------------------
2022-11-15 22:41:31: Successfully registered 22 application commands for global
2022-11-15 22:41:31: test_bot#9176 logged successfully.
2022-11-15 22:41:31: Error when sending staring message:  DiscordAPIError[50001]: Missing Access
2022-11-15 22:41:31: Command: /topcookie  by 『🐶Kochy_Okami🦮』#7398(<@415881207901978624>) in channel #eu(<#988784456959672350>)
2022-11-15 22:41:31: cookie send
--------------------Start Log 2022-11-15 22:41:56--------------------
2022-11-15 22:41:56: Successfully registered 22 application commands for global
2022-11-15 22:41:56: Error when sending staring message:  DiscordAPIError[50001]: Missing Access
2022-11-15 22:41:56: test_bot#9176 logged successfully.
2022-11-15 22:41:56: Command: /topcookie  by 『🐶Kochy_Okami🦮』#7398(<@415881207901978624>) in channel #eu(<#988784456959672350>)
2022-11-15 22:41:56: cookie send
2022-11-15 22:41:56: cookie send
2022-11-15 22:41:56: user send
--------------------Start Log 2022-11-15 22:50:03--------------------
2022-11-15 22:50:03: ReferenceError: CLIENT_ID is not defined
2022-11-15 22:50:03: Successfully registered 22 application commands for global
--------------------Start Log 2022-11-15 22:50:30--------------------
2022-11-15 22:50:30: Successfully registered 22 application commands for global
2022-11-15 22:50:30: Error when sending staring message:  DiscordAPIError[50001]: Missing Access
2022-11-15 22:50:30: test_bot#9176 logged successfully.
2022-11-15 22:50:30: ReferenceError: id is not defined
--------------------Start Log 2022-11-15 22:50:57--------------------
2022-11-15 22:50:57: Successfully registered 22 application commands for global
2022-11-15 22:50:57: Error when sending staring message:  DiscordAPIError[50001]: Missing Access
2022-11-15 22:50:57: test_bot#9176 logged successfully.
2022-11-15 22:50:57: TypeError: cookie.forEach is not a function
--------------------Start Log 2022-11-15 22:51:39--------------------
2022-11-15 22:51:39: Successfully registered 22 application commands for global
2022-11-15 22:51:39: Error when sending staring message:  DiscordAPIError[50001]: Missing Access
2022-11-15 22:51:39: test_bot#9176 logged successfully.
2022-11-15 22:51:39: TypeError: cookie.forEach is not a function
--------------------Start Log 2022-11-15 22:52:27--------------------
2022-11-15 22:52:27: Successfully registered 22 application commands for global
2022-11-15 22:52:27: Error when sending staring message:  DiscordAPIError[50001]: Missing Access
2022-11-15 22:52:27: test_bot#9176 logged successfully.
--------------------Start Log 2022-11-15 22:53:44--------------------
2022-11-15 22:53:44: Successfully registered 22 application commands for global
2022-11-15 22:53:44: Error when sending staring message:  DiscordAPIError[50001]: Missing Access
2022-11-15 22:53:44: test_bot#9176 logged successfully.
2022-11-15 22:53:44: Command: /cookie '960627070797479966'  by 『🐶Kochy_Okami🦮』#7398(<@415881207901978624>) in channel #commands(<#1015653134921642065>)
2022-11-15 22:53:44: user send
2022-11-15 22:53:44: cookie send
--------------------Start Log 2022-11-15 22:55:13--------------------
2022-11-15 22:55:13: Successfully registered 22 application commands for global
2022-11-15 22:55:13: Error when sending staring message:  DiscordAPIError[50001]: Missing Access
2022-11-15 22:55:13: test_bot#9176 logged successfully.
2022-11-15 22:55:13: Command: /cookie  by 『🐶Kochy_Okami🦮』#7398(<@415881207901978624>) in channel #eu(<#988784456959672350>)
2022-11-15 22:55:13: user send
2022-11-15 22:55:13: cookie send
2022-11-15 22:55:13: Command: /topcookie  by 『🐶Kochy_Okami🦮』#7398(<@415881207901978624>) in channel #commands(<#1015653134921642065>)
2022-11-15 22:55:13: cookie send
--------------------Start Log 2022-11-15 22:59:48--------------------
2022-11-15 22:59:48: Successfully registered 22 application commands for global
2022-11-15 22:59:48: Error when sending staring message:  DiscordAPIError[50001]: Missing Access
2022-11-15 22:59:48: test_bot#9176 logged successfully.
--------------------Start Log 2022-11-15 23:06:15--------------------
2022-11-15 23:06:15: Successfully registered 22 application commands for global
2022-11-15 23:06:15: Error when sending staring message:  DiscordAPIError[50001]: Missing Access
2022-11-15 23:06:15: test_bot#9176 logged successfully.
2022-11-15 23:06:15: Command: /topcookie  by 『🐶Kochy_Okami🦮』#7398(<@415881207901978624>) in channel #eu(<#988784456959672350>)
2022-11-15 23:06:15: cookie send
--------------------Start Log 2022-11-15 23:06:43--------------------
2022-11-15 23:06:43: Successfully registered 22 application commands for global
2022-11-15 23:06:43: Error when sending staring message:  DiscordAPIError[50001]: Missing Access
2022-11-15 23:06:43: test_bot#9176 logged successfully.
2022-11-15 23:06:43: Command: /topcookie  by 『🐶Kochy_Okami🦮』#7398(<@415881207901978624>) in channel #eu(<#988784456959672350>)
2022-11-15 23:06:43: cookie send
--------------------Start Log 2022-11-15 23:09:22--------------------
2022-11-15 23:09:22: Successfully registered 22 application commands for global
2022-11-15 23:09:22: Error when sending staring message:  DiscordAPIError[50001]: Missing Access
2022-11-15 23:09:22: test_bot#9176 logged successfully.
2022-11-15 23:09:22: Command: /cookie '960627070797479966'  by 『🐶Kochy_Okami🦮』#7398(<@415881207901978624>) in channel #eu(<#988784456959672350>)
2022-11-15 23:09:22: cookie send
2022-11-15 23:09:22: user send
--------------------Start Log 2022-11-15 23:14:48--------------------
2022-11-15 23:14:48: Successfully registered 22 application commands for global
